<?xml version="1.0" encoding="UTF-8"?>
<testsuite xmlns:xsi="http://www.w3.org/2001/XMLSchema-instance" xsi:noNamespaceSchemaLocation="https://maven.apache.org/surefire/maven-surefire-plugin/xsd/surefire-test-report.xsd" name="ru.yandex.practicum.CreateOrderParameterizedTest" time="1.843" tests="4" errors="0" skipped="0" failures="4">
  <properties>
[...]
</properties>
  <testcase name="ordersTestNormalCreate[0]" classname="ru.yandex.practicum.CreateOrderParameterizedTest" time="0.872">
    <failure message="expected:&lt;201&gt; but was:&lt;500&gt;" type="java.lang.AssertionError"><![CDATA[java.lang.AssertionError: expected:<201> but was:<500>
	at ru.yandex.practicum.CreateOrderParameterizedTest.ordersTestNormalCreate(CreateOrderParameterizedTest.java:46)
]]></failure>
    <system-out><![CDATA[Request method:	POST
Request URI:	http://qa-scooter.praktikum-services.ru/api/v1/orders
Proxy:			<none>
Request params:	<none>
Query params:	<none>
Form params:	<none>
Path params:	<none>
Headers:		Accept=*/*
				Content-Type=application/json
Cookies:		<none>
Multiparts:		<none>
Body:
{
    "firstName": "Elwood",
    "lastName": "Rolfson",
    "address": "7094 Micah Lane",
    "metroStation": "North Dakota",
    "phone": "(142) 183-1117 x78837",
    "rentTime": 4,
    "deliveryDate": "14.06.2022",
    "comment": "Future Creative Officer",
    "color": [
        "BLACK"
    ]
}
]]></system-out>
  </testcase>
  <testcase name="ordersTestNormalCreate[1]" classname="ru.yandex.practicum.CreateOrderParameterizedTest" time="0.454">
    <failure message="expected:&lt;201&gt; but was:&lt;500&gt;" type="java.lang.AssertionError"><![CDATA[java.lang.AssertionError: expected:<201> but was:<500>
	at ru.yandex.practicum.CreateOrderParameterizedTest.ordersTestNormalCreate(CreateOrderParameterizedTest.java:46)
]]></failure>
    <system-out><![CDATA[Request method:	POST
Request URI:	http://qa-scooter.praktikum-services.ru/api/v1/orders
Proxy:			<none>
Request params:	<none>
Query params:	<none>
Form params:	<none>
Path params:	<none>
Headers:		Accept=*/*
				Content-Type=application/json
Cookies:		<none>
Multiparts:		<none>
Body:
{
    "firstName": "Lona",
    "lastName": "Zemlak",
    "address": "344 Bogan Square",
    "metroStation": "South Carolina",
    "phone": "1-101-171-8298",
    "rentTime": 9,
    "deliveryDate": "14.06.2022",
    "comment": "Investor Markets Officer",
    "color": [
        "GREY"
    ]
}
]]></system-out>
  </testcase>
  <testcase name="ordersTestNormalCreate[2]" classname="ru.yandex.practicum.CreateOrderParameterizedTest" time="0.291">
    <failure message="expected:&lt;201&gt; but was:&lt;500&gt;" type="java.lang.AssertionError"><![CDATA[java.lang.AssertionError: expected:<201> but was:<500>
	at ru.yandex.practicum.CreateOrderParameterizedTest.ordersTestNormalCreate(CreateOrderParameterizedTest.java:46)
]]></failure>
    <system-out><![CDATA[Request method:	POST
Request URI:	http://qa-scooter.praktikum-services.ru/api/v1/orders
Proxy:			<none>
Request params:	<none>
Query params:	<none>
Form params:	<none>
Path params:	<none>
Headers:		Accept=*/*
				Content-Type=application/json
Cookies:		<none>
Multiparts:		<none>
Body:
{
    "firstName": "Johnson",
    "lastName": "Bartoletti",
    "address": "98658 Steuber Trail",
    "metroStation": "Georgia",
    "phone": "(279) 181-2334",
    "rentTime": 4,
    "deliveryDate": "14.06.2022",
    "comment": "Dynamic Tactics Assistant",
    "color": [
        "BLACK",
        "GREY"
    ]
}
]]></system-out>
  </testcase>
  <testcase name="ordersTestNormalCreate[3]" classname="ru.yandex.practicum.CreateOrderParameterizedTest" time="0.202">
    <failure message="expected:&lt;201&gt; but was:&lt;500&gt;" type="java.lang.AssertionError"><![CDATA[java.lang.AssertionError: expected:<201> but was:<500>
	at ru.yandex.practicum.CreateOrderParameterizedTest.ordersTestNormalCreate(CreateOrderParameterizedTest.java:46)
]]></failure>
    <system-out><![CDATA[Request method:	POST
Request URI:	http://qa-scooter.praktikum-services.ru/api/v1/orders
Proxy:			<none>
Request params:	<none>
Query params:	<none>
Form params:	<none>
Path params:	<none>
Headers:		Accept=*/*
				Content-Type=application/json
Cookies:		<none>
Multiparts:		<none>
Body:
{
    "firstName": "Leif",
    "lastName": "Lang",
    "address": "796 Waelchi Manors",
    "metroStation": "Alabama",
    "phone": "(958) 972-3452 x4127",
    "rentTime": 7,
    "deliveryDate": "14.06.2022",
    "comment": "Regional Identity Producer",
    "color": [
        
    ]
}
]]></system-out>
  </testcase>
</testsuite>